<?xml version="1.0" encoding="UTF-8"?>
<!-- Generated by org.testng.reporters.JUnitReportReporter -->
<testsuite hostname="LAPTOP-4KSK7QCC" failures="0" tests="1" name="testCases.FileUploadDemo2" time="3.972" errors="0" timestamp="2024-03-08T23:10:11 CET" skipped="0">
  <testcase classname="testCases.FileUploadDemo2" name="fileUploadtest" time="3.972"/>
</testsuite> <!-- testCases.FileUploadDemo2 -->
